<?xml version="1.0" encoding="UTF-8"?>
<!-- Generated by org.testng.reporters.JUnitXMLReporter -->
<testsuite hostname="DELL-PC" ignored="0" name="Regression Suite" tests="6" failures="1" timestamp="2020-01-29T13:21:20 IST" time="61.385" errors="0">
  <testcase name="LoginPageTitleCheck" time="0.137" classname="com.testAutomationTest.QA.testCases.LoginTest"/>
  <testcase name="LoginPageUserLogin" time="0.394" classname="com.testAutomationTest.QA.testCases.LoginTest"/>
  <testcase name="checkUserNameonBalance" time="1.598" classname="com.testAutomationTest.QA.testCases.BalanceTest"/>
  <testcase name="checkforCorrectUsername" time="1.246" classname="com.testAutomationTest.QA.testCases.BalanceTest"/>
  <testcase name="verifyAvailableAmount" time="1.47" classname="com.testAutomationTest.QA.testCases.BalanceTest">
    <failure type="java.lang.AssertionError" message="expected [true] but found [false]">
      <![CDATA[java.lang.AssertionError: expected [true] but found [false]
at com.testAutomationTest.QA.testCases.BalanceTest.verifyAvailableAmount(BalanceTest.java:46)
at java.util.ArrayList.forEach(Unknown Source)
... Removed 31 stack frames]]>
    </failure>
  </testcase> <!-- verifyAvailableAmount -->
  <testcase name="VerifyMyProfileTitle" time="0.032" classname="com.testAutomationTest.QA.testCases.MyProfileTest"/>
</testsuite> <!-- Regression Suite -->
