<?xml version="1.0" encoding="UTF-8"?>
<testng-results skipped="0" failed="1" ignored="0" total="6" passed="5">
  <reporter-output>
  </reporter-output>
  <suite name="Automation Suite FTRPoker" duration-ms="61385" started-at="2020-01-29T13:20:19 IST" finished-at="2020-01-29T13:21:20 IST">
    <groups>
    </groups>
    <test name="Regression Suite" duration-ms="61385" started-at="2020-01-29T13:20:19 IST" finished-at="2020-01-29T13:21:20 IST">
      <class name="com.testAutomationTest.QA.testCases.BalanceTest">
        <test-method status="PASS" signature="setup()[pri:0, instance:com.testAutomationTest.QA.testCases.BalanceTest@3712b94]" name="setup" is-config="true" duration-ms="8024" started-at="2020-01-29T13:20:39 IST" finished-at="2020-01-29T13:20:47 IST">
          <reporter-output>
          </reporter-output>
        </test-method> <!-- setup -->
        <test-method status="PASS" signature="checkUserNameonBalance()[pri:1, instance:com.testAutomationTest.QA.testCases.BalanceTest@3712b94]" name="checkUserNameonBalance" duration-ms="1598" started-at="2020-01-29T13:20:47 IST" finished-at="2020-01-29T13:20:49 IST">
          <reporter-output>
          </reporter-output>
        </test-method> <!-- checkUserNameonBalance -->
        <test-method status="PASS" signature="tearDown()[pri:0, instance:com.testAutomationTest.QA.testCases.BalanceTest@3712b94]" name="tearDown" is-config="true" duration-ms="637" started-at="2020-01-29T13:20:49 IST" finished-at="2020-01-29T13:20:50 IST">
          <reporter-output>
          </reporter-output>
        </test-method> <!-- tearDown -->
        <test-method status="PASS" signature="setup()[pri:0, instance:com.testAutomationTest.QA.testCases.BalanceTest@3712b94]" name="setup" is-config="true" duration-ms="8246" started-at="2020-01-29T13:20:50 IST" finished-at="2020-01-29T13:20:58 IST">
          <reporter-output>
          </reporter-output>
        </test-method> <!-- setup -->
        <test-method status="PASS" signature="checkforCorrectUsername()[pri:2, instance:com.testAutomationTest.QA.testCases.BalanceTest@3712b94]" name="checkforCorrectUsername" duration-ms="1246" started-at="2020-01-29T13:20:58 IST" finished-at="2020-01-29T13:20:59 IST">
          <reporter-output>
          </reporter-output>
        </test-method> <!-- checkforCorrectUsername -->
        <test-method status="PASS" signature="tearDown()[pri:0, instance:com.testAutomationTest.QA.testCases.BalanceTest@3712b94]" name="tearDown" is-config="true" duration-ms="610" started-at="2020-01-29T13:20:59 IST" finished-at="2020-01-29T13:21:00 IST">
          <reporter-output>
          </reporter-output>
        </test-method> <!-- tearDown -->
        <test-method status="PASS" signature="setup()[pri:0, instance:com.testAutomationTest.QA.testCases.BalanceTest@3712b94]" name="setup" is-config="true" duration-ms="8854" started-at="2020-01-29T13:21:00 IST" finished-at="2020-01-29T13:21:09 IST">
          <reporter-output>
          </reporter-output>
        </test-method> <!-- setup -->
        <test-method status="FAIL" signature="verifyAvailableAmount()[pri:3, instance:com.testAutomationTest.QA.testCases.BalanceTest@3712b94]" name="verifyAvailableAmount" duration-ms="1470" started-at="2020-01-29T13:21:09 IST" finished-at="2020-01-29T13:21:10 IST">
          <exception class="java.lang.AssertionError">
            <message>
              <![CDATA[expected [true] but found [false]]]>
            </message>
            <full-stacktrace>
              <![CDATA[java.lang.AssertionError: expected [true] but found [false]
at org.testng.Assert.fail(Assert.java:97)
at org.testng.Assert.failNotEquals(Assert.java:969)
at org.testng.Assert.assertTrue(Assert.java:43)
at org.testng.Assert.assertTrue(Assert.java:53)
at com.testAutomationTest.QA.testCases.BalanceTest.verifyAvailableAmount(BalanceTest.java:46)
at sun.reflect.NativeMethodAccessorImpl.invoke0(Native Method)
at sun.reflect.NativeMethodAccessorImpl.invoke(Unknown Source)
at sun.reflect.DelegatingMethodAccessorImpl.invoke(Unknown Source)
at java.lang.reflect.Method.invoke(Unknown Source)
at org.testng.internal.MethodInvocationHelper.invokeMethod(MethodInvocationHelper.java:134)
at org.testng.internal.TestInvoker.invokeMethod(TestInvoker.java:597)
at org.testng.internal.TestInvoker.invokeTestMethod(TestInvoker.java:173)
at org.testng.internal.MethodRunner.runInSequence(MethodRunner.java:46)
at org.testng.internal.TestInvoker$MethodInvocationAgent.invoke(TestInvoker.java:816)
at org.testng.internal.TestInvoker.invokeTestMethods(TestInvoker.java:146)
at org.testng.internal.TestMethodWorker.invokeTestMethods(TestMethodWorker.java:146)
at org.testng.internal.TestMethodWorker.run(TestMethodWorker.java:128)
at java.util.ArrayList.forEach(Unknown Source)
at org.testng.TestRunner.privateRun(TestRunner.java:766)
at org.testng.TestRunner.run(TestRunner.java:587)
at org.testng.SuiteRunner.runTest(SuiteRunner.java:384)
at org.testng.SuiteRunner.runSequentially(SuiteRunner.java:378)
at org.testng.SuiteRunner.privateRun(SuiteRunner.java:337)
at org.testng.SuiteRunner.run(SuiteRunner.java:286)
at org.testng.SuiteRunnerWorker.runSuite(SuiteRunnerWorker.java:53)
at org.testng.SuiteRunnerWorker.run(SuiteRunnerWorker.java:96)
at org.testng.TestNG.runSuitesSequentially(TestNG.java:1187)
at org.testng.TestNG.runSuitesLocally(TestNG.java:1109)
at org.testng.TestNG.runSuites(TestNG.java:1039)
at org.testng.TestNG.run(TestNG.java:1007)
at org.testng.remote.AbstractRemoteTestNG.run(AbstractRemoteTestNG.java:115)
at org.testng.remote.RemoteTestNG.initAndRun(RemoteTestNG.java:251)
at org.testng.remote.RemoteTestNG.main(RemoteTestNG.java:77)
]]>
            </full-stacktrace>
          </exception> <!-- java.lang.AssertionError -->
          <reporter-output>
          </reporter-output>
        </test-method> <!-- verifyAvailableAmount -->
        <test-method status="PASS" signature="tearDown()[pri:0, instance:com.testAutomationTest.QA.testCases.BalanceTest@3712b94]" name="tearDown" is-config="true" duration-ms="612" started-at="2020-01-29T13:21:10 IST" finished-at="2020-01-29T13:21:11 IST">
          <reporter-output>
          </reporter-output>
        </test-method> <!-- tearDown -->
      </class> <!-- com.testAutomationTest.QA.testCases.BalanceTest -->
      <class name="com.testAutomationTest.QA.testCases.MyProfileTest">
        <test-method status="PASS" signature="setup()[pri:0, instance:com.testAutomationTest.QA.testCases.MyProfileTest@2833cc44]" name="setup" is-config="true" duration-ms="8690" started-at="2020-01-29T13:21:11 IST" finished-at="2020-01-29T13:21:19 IST">
          <reporter-output>
          </reporter-output>
        </test-method> <!-- setup -->
        <test-method status="PASS" signature="VerifyMyProfileTitle()[pri:0, instance:com.testAutomationTest.QA.testCases.MyProfileTest@2833cc44]" name="VerifyMyProfileTitle" duration-ms="32" started-at="2020-01-29T13:21:19 IST" finished-at="2020-01-29T13:21:19 IST">
          <reporter-output>
          </reporter-output>
        </test-method> <!-- VerifyMyProfileTitle -->
        <test-method status="PASS" signature="tearDown()[pri:0, instance:com.testAutomationTest.QA.testCases.MyProfileTest@2833cc44]" name="tearDown" is-config="true" duration-ms="779" started-at="2020-01-29T13:21:19 IST" finished-at="2020-01-29T13:21:20 IST">
          <reporter-output>
          </reporter-output>
        </test-method> <!-- tearDown -->
      </class> <!-- com.testAutomationTest.QA.testCases.MyProfileTest -->
      <class name="com.testAutomationTest.QA.testCases.LoginTest">
        <test-method status="PASS" signature="setup()[pri:0, instance:com.testAutomationTest.QA.testCases.LoginTest@4d41cee]" name="setup" is-config="true" duration-ms="11444" started-at="2020-01-29T13:20:19 IST" finished-at="2020-01-29T13:20:30 IST">
          <reporter-output>
          </reporter-output>
        </test-method> <!-- setup -->
        <test-method status="PASS" signature="LoginPageTitleCheck()[pri:1, instance:com.testAutomationTest.QA.testCases.LoginTest@4d41cee]" name="LoginPageTitleCheck" duration-ms="137" started-at="2020-01-29T13:20:30 IST" finished-at="2020-01-29T13:20:30 IST">
          <reporter-output>
          </reporter-output>
        </test-method> <!-- LoginPageTitleCheck -->
        <test-method status="PASS" signature="tearDown()[pri:0, instance:com.testAutomationTest.QA.testCases.LoginTest@4d41cee]" name="tearDown" is-config="true" duration-ms="693" started-at="2020-01-29T13:20:30 IST" finished-at="2020-01-29T13:20:31 IST">
          <reporter-output>
          </reporter-output>
        </test-method> <!-- tearDown -->
        <test-method status="PASS" signature="setup()[pri:0, instance:com.testAutomationTest.QA.testCases.LoginTest@4d41cee]" name="setup" is-config="true" duration-ms="7224" started-at="2020-01-29T13:20:31 IST" finished-at="2020-01-29T13:20:38 IST">
          <reporter-output>
          </reporter-output>
        </test-method> <!-- setup -->
        <test-method status="PASS" signature="LoginPageUserLogin()[pri:2, instance:com.testAutomationTest.QA.testCases.LoginTest@4d41cee]" name="LoginPageUserLogin" duration-ms="394" started-at="2020-01-29T13:20:38 IST" finished-at="2020-01-29T13:20:39 IST">
          <reporter-output>
          </reporter-output>
        </test-method> <!-- LoginPageUserLogin -->
        <test-method status="PASS" signature="tearDown()[pri:0, instance:com.testAutomationTest.QA.testCases.LoginTest@4d41cee]" name="tearDown" is-config="true" duration-ms="638" started-at="2020-01-29T13:20:39 IST" finished-at="2020-01-29T13:20:39 IST">
          <reporter-output>
          </reporter-output>
        </test-method> <!-- tearDown -->
      </class> <!-- com.testAutomationTest.QA.testCases.LoginTest -->
    </test> <!-- Regression Suite -->
  </suite> <!-- Automation Suite FTRPoker -->
</testng-results>
